mode: set
beastkeeper/src/bk/states/DiskImageExistsState.go:14.83,15.39 1 0
beastkeeper/src/bk/states/DiskImageExistsState.go:20.2,20.14 1 0
beastkeeper/src/bk/states/DiskImageExistsState.go:15.39,16.69 1 0
beastkeeper/src/bk/states/DiskImageExistsState.go:16.69,18.4 1 0
beastkeeper/src/bk/states/DiskImageExistsState.go:23.79,24.84 1 0
beastkeeper/src/bk/states/DiskImageExistsState.go:24.84,37.20 7 0
beastkeeper/src/bk/states/DiskImageExistsState.go:37.20,39.4 1 0
beastkeeper/src/bk/states/InstallImageExistsState.go:14.86,16.2 1 0
beastkeeper/src/bk/states/InstallImageExistsState.go:18.82,19.2 0 0
beastkeeper/src/bk/states/BaseState.go:20.34,22.2 1 1
beastkeeper/src/bk/states/BaseState.go:24.72,26.2 1 0
beastkeeper/src/bk/states/BaseState.go:28.68,30.2 0 0
beastkeeper/src/bk/states/BaseState.go:32.41,34.2 1 1
beastkeeper/src/bk/states/BaseState.go:36.50,38.2 1 1
beastkeeper/src/bk/states/BaseState.go:40.44,42.2 1 0
beastkeeper/src/bk/states/BaseState.go:44.56,46.2 1 1
